2022-01-01 21:48:38,061 INFO    MainThread:30126 [internal.py:wandb_internal():90] W&B internal server running at pid: 30126, started at: 2022-01-01 21:48:38.061270
2022-01-01 21:48:38,064 DEBUG   SenderThread:30126 [sender.py:send():234] send: header
2022-01-01 21:48:38,064 INFO    WriterThread:30126 [datastore.py:open_for_write():77] open: /home/aimenext/workspace/dungnt/LongND-FL-Parallel-Computing/wandb/run-20220101_214837-3nkkmpgv/run-3nkkmpgv.wandb
2022-01-01 21:48:38,064 DEBUG   HandlerThread:30126 [handler.py:handle_request():130] handle_request: check_version
2022-01-01 21:48:38,064 DEBUG   SenderThread:30126 [sender.py:send_request():248] send_request: check_version
2022-01-01 21:48:38,282 DEBUG   SenderThread:30126 [sender.py:send():234] send: run
2022-01-01 21:48:38,588 INFO    SenderThread:30126 [dir_watcher.py:__init__():169] watching files in: /home/aimenext/workspace/dungnt/LongND-FL-Parallel-Computing/wandb/run-20220101_214837-3nkkmpgv/files
2022-01-01 21:48:38,589 INFO    SenderThread:30126 [sender.py:_start_run_threads():807] run started: 3nkkmpgv with start time 1641048517
2022-01-01 21:48:38,589 DEBUG   SenderThread:30126 [sender.py:send():234] send: summary
2022-01-01 21:48:38,589 INFO    SenderThread:30126 [sender.py:_save_file():939] saving file wandb-summary.json with policy end
2022-01-01 21:48:38,590 DEBUG   HandlerThread:30126 [handler.py:handle_request():130] handle_request: run_start
2022-01-01 21:48:38,592 DEBUG   HandlerThread:30126 [meta.py:__init__():40] meta init
2022-01-01 21:48:38,592 DEBUG   HandlerThread:30126 [meta.py:__init__():54] meta init done
2022-01-01 21:48:38,592 DEBUG   HandlerThread:30126 [meta.py:probe():214] probe
2022-01-01 21:48:38,610 DEBUG   HandlerThread:30126 [meta.py:_setup_git():204] setup git
2022-01-01 21:48:38,628 DEBUG   HandlerThread:30126 [meta.py:_setup_git():211] setup git done
2022-01-01 21:48:38,628 DEBUG   HandlerThread:30126 [meta.py:_save_pip():58] save pip
2022-01-01 21:48:38,629 DEBUG   HandlerThread:30126 [meta.py:_save_pip():72] save pip done
2022-01-01 21:48:38,629 DEBUG   HandlerThread:30126 [meta.py:probe():252] probe done
2022-01-01 21:48:38,631 DEBUG   SenderThread:30126 [sender.py:send():234] send: files
2022-01-01 21:48:38,631 INFO    SenderThread:30126 [sender.py:_save_file():939] saving file wandb-metadata.json with policy now
2022-01-01 21:48:38,642 DEBUG   HandlerThread:30126 [handler.py:handle_request():130] handle_request: stop_status
2022-01-01 21:48:38,643 DEBUG   SenderThread:30126 [sender.py:send_request():248] send_request: stop_status
2022-01-01 21:48:39,319 INFO    Thread-11 :30126 [upload_job.py:push():137] Uploaded file /tmp/tmprp1xr2oxwandb/1bbbx9ff-wandb-metadata.json
2022-01-01 21:48:39,590 INFO    Thread-8  :30126 [dir_watcher.py:_on_file_created():217] file/dir created: /home/aimenext/workspace/dungnt/LongND-FL-Parallel-Computing/wandb/run-20220101_214837-3nkkmpgv/files/output.log
2022-01-01 21:48:39,590 INFO    Thread-8  :30126 [dir_watcher.py:_on_file_created():217] file/dir created: /home/aimenext/workspace/dungnt/LongND-FL-Parallel-Computing/wandb/run-20220101_214837-3nkkmpgv/files/requirements.txt
2022-01-01 21:48:39,590 INFO    Thread-8  :30126 [dir_watcher.py:_on_file_created():217] file/dir created: /home/aimenext/workspace/dungnt/LongND-FL-Parallel-Computing/wandb/run-20220101_214837-3nkkmpgv/files/wandb-summary.json
2022-01-01 21:48:39,590 INFO    Thread-8  :30126 [dir_watcher.py:_on_file_created():217] file/dir created: /home/aimenext/workspace/dungnt/LongND-FL-Parallel-Computing/wandb/run-20220101_214837-3nkkmpgv/files/wandb-metadata.json
2022-01-01 21:48:41,589 INFO    Thread-8  :30126 [dir_watcher.py:_on_file_modified():230] file/dir modified: /home/aimenext/workspace/dungnt/LongND-FL-Parallel-Computing/wandb/run-20220101_214837-3nkkmpgv/files/output.log
2022-01-01 21:48:45,590 INFO    Thread-8  :30126 [dir_watcher.py:_on_file_modified():230] file/dir modified: /home/aimenext/workspace/dungnt/LongND-FL-Parallel-Computing/wandb/run-20220101_214837-3nkkmpgv/files/output.log
2022-01-01 21:48:49,591 INFO    Thread-8  :30126 [dir_watcher.py:_on_file_modified():230] file/dir modified: /home/aimenext/workspace/dungnt/LongND-FL-Parallel-Computing/wandb/run-20220101_214837-3nkkmpgv/files/output.log
2022-01-01 21:48:51,593 INFO    Thread-8  :30126 [dir_watcher.py:_on_file_modified():230] file/dir modified: /home/aimenext/workspace/dungnt/LongND-FL-Parallel-Computing/wandb/run-20220101_214837-3nkkmpgv/files/output.log
2022-01-01 21:48:53,593 INFO    Thread-8  :30126 [dir_watcher.py:_on_file_modified():230] file/dir modified: /home/aimenext/workspace/dungnt/LongND-FL-Parallel-Computing/wandb/run-20220101_214837-3nkkmpgv/files/output.log
2022-01-01 21:48:53,920 DEBUG   HandlerThread:30126 [handler.py:handle_request():130] handle_request: stop_status
2022-01-01 21:48:53,921 DEBUG   SenderThread:30126 [sender.py:send_request():248] send_request: stop_status
2022-01-01 21:48:55,594 INFO    Thread-8  :30126 [dir_watcher.py:_on_file_modified():230] file/dir modified: /home/aimenext/workspace/dungnt/LongND-FL-Parallel-Computing/wandb/run-20220101_214837-3nkkmpgv/files/output.log
2022-01-01 21:48:57,595 INFO    Thread-8  :30126 [dir_watcher.py:_on_file_modified():230] file/dir modified: /home/aimenext/workspace/dungnt/LongND-FL-Parallel-Computing/wandb/run-20220101_214837-3nkkmpgv/files/output.log
2022-01-01 21:48:59,595 INFO    Thread-8  :30126 [dir_watcher.py:_on_file_modified():230] file/dir modified: /home/aimenext/workspace/dungnt/LongND-FL-Parallel-Computing/wandb/run-20220101_214837-3nkkmpgv/files/output.log
2022-01-01 21:49:01,595 INFO    Thread-8  :30126 [dir_watcher.py:_on_file_modified():230] file/dir modified: /home/aimenext/workspace/dungnt/LongND-FL-Parallel-Computing/wandb/run-20220101_214837-3nkkmpgv/files/output.log
2022-01-01 21:49:03,596 INFO    Thread-8  :30126 [dir_watcher.py:_on_file_modified():230] file/dir modified: /home/aimenext/workspace/dungnt/LongND-FL-Parallel-Computing/wandb/run-20220101_214837-3nkkmpgv/files/output.log
2022-01-01 21:49:05,596 INFO    Thread-8  :30126 [dir_watcher.py:_on_file_modified():230] file/dir modified: /home/aimenext/workspace/dungnt/LongND-FL-Parallel-Computing/wandb/run-20220101_214837-3nkkmpgv/files/output.log
2022-01-01 21:49:06,864 DEBUG   SenderThread:30126 [sender.py:send():234] send: stats
2022-01-01 21:49:07,597 INFO    Thread-8  :30126 [dir_watcher.py:_on_file_modified():230] file/dir modified: /home/aimenext/workspace/dungnt/LongND-FL-Parallel-Computing/wandb/run-20220101_214837-3nkkmpgv/files/output.log
2022-01-01 21:49:09,423 DEBUG   HandlerThread:30126 [handler.py:handle_request():130] handle_request: stop_status
2022-01-01 21:49:09,423 DEBUG   SenderThread:30126 [sender.py:send_request():248] send_request: stop_status
2022-01-01 21:49:09,597 INFO    Thread-8  :30126 [dir_watcher.py:_on_file_modified():230] file/dir modified: /home/aimenext/workspace/dungnt/LongND-FL-Parallel-Computing/wandb/run-20220101_214837-3nkkmpgv/files/output.log
2022-01-01 21:49:11,598 INFO    Thread-8  :30126 [dir_watcher.py:_on_file_modified():230] file/dir modified: /home/aimenext/workspace/dungnt/LongND-FL-Parallel-Computing/wandb/run-20220101_214837-3nkkmpgv/files/output.log
2022-01-01 21:49:13,598 INFO    Thread-8  :30126 [dir_watcher.py:_on_file_modified():230] file/dir modified: /home/aimenext/workspace/dungnt/LongND-FL-Parallel-Computing/wandb/run-20220101_214837-3nkkmpgv/files/output.log
2022-01-01 21:49:15,599 INFO    Thread-8  :30126 [dir_watcher.py:_on_file_modified():230] file/dir modified: /home/aimenext/workspace/dungnt/LongND-FL-Parallel-Computing/wandb/run-20220101_214837-3nkkmpgv/files/output.log
2022-01-01 21:49:17,599 INFO    Thread-8  :30126 [dir_watcher.py:_on_file_modified():230] file/dir modified: /home/aimenext/workspace/dungnt/LongND-FL-Parallel-Computing/wandb/run-20220101_214837-3nkkmpgv/files/output.log
2022-01-01 21:49:19,600 INFO    Thread-8  :30126 [dir_watcher.py:_on_file_modified():230] file/dir modified: /home/aimenext/workspace/dungnt/LongND-FL-Parallel-Computing/wandb/run-20220101_214837-3nkkmpgv/files/output.log
2022-01-01 21:49:21,600 INFO    Thread-8  :30126 [dir_watcher.py:_on_file_modified():230] file/dir modified: /home/aimenext/workspace/dungnt/LongND-FL-Parallel-Computing/wandb/run-20220101_214837-3nkkmpgv/files/output.log
2022-01-01 21:49:23,600 INFO    Thread-8  :30126 [dir_watcher.py:_on_file_modified():230] file/dir modified: /home/aimenext/workspace/dungnt/LongND-FL-Parallel-Computing/wandb/run-20220101_214837-3nkkmpgv/files/output.log
2022-01-01 21:49:24,713 DEBUG   HandlerThread:30126 [handler.py:handle_request():130] handle_request: stop_status
2022-01-01 21:49:24,713 DEBUG   SenderThread:30126 [sender.py:send_request():248] send_request: stop_status
2022-01-01 21:49:25,601 INFO    Thread-8  :30126 [dir_watcher.py:_on_file_modified():230] file/dir modified: /home/aimenext/workspace/dungnt/LongND-FL-Parallel-Computing/wandb/run-20220101_214837-3nkkmpgv/files/output.log
2022-01-01 21:49:27,601 INFO    Thread-8  :30126 [dir_watcher.py:_on_file_modified():230] file/dir modified: /home/aimenext/workspace/dungnt/LongND-FL-Parallel-Computing/wandb/run-20220101_214837-3nkkmpgv/files/output.log
2022-01-01 21:49:29,602 INFO    Thread-8  :30126 [dir_watcher.py:_on_file_modified():230] file/dir modified: /home/aimenext/workspace/dungnt/LongND-FL-Parallel-Computing/wandb/run-20220101_214837-3nkkmpgv/files/output.log
2022-01-01 21:49:31,602 INFO    Thread-8  :30126 [dir_watcher.py:_on_file_modified():230] file/dir modified: /home/aimenext/workspace/dungnt/LongND-FL-Parallel-Computing/wandb/run-20220101_214837-3nkkmpgv/files/output.log
2022-01-01 21:49:33,602 INFO    Thread-8  :30126 [dir_watcher.py:_on_file_modified():230] file/dir modified: /home/aimenext/workspace/dungnt/LongND-FL-Parallel-Computing/wandb/run-20220101_214837-3nkkmpgv/files/output.log
2022-01-01 21:49:35,603 INFO    Thread-8  :30126 [dir_watcher.py:_on_file_modified():230] file/dir modified: /home/aimenext/workspace/dungnt/LongND-FL-Parallel-Computing/wandb/run-20220101_214837-3nkkmpgv/files/output.log
2022-01-01 21:49:37,115 DEBUG   SenderThread:30126 [sender.py:send():234] send: stats
2022-01-01 21:49:37,603 INFO    Thread-8  :30126 [dir_watcher.py:_on_file_modified():230] file/dir modified: /home/aimenext/workspace/dungnt/LongND-FL-Parallel-Computing/wandb/run-20220101_214837-3nkkmpgv/files/output.log
2022-01-01 21:49:39,604 INFO    Thread-8  :30126 [dir_watcher.py:_on_file_modified():230] file/dir modified: /home/aimenext/workspace/dungnt/LongND-FL-Parallel-Computing/wandb/run-20220101_214837-3nkkmpgv/files/output.log
2022-01-01 21:49:39,990 DEBUG   HandlerThread:30126 [handler.py:handle_request():130] handle_request: stop_status
2022-01-01 21:49:39,990 DEBUG   SenderThread:30126 [sender.py:send_request():248] send_request: stop_status
2022-01-01 21:49:41,604 INFO    Thread-8  :30126 [dir_watcher.py:_on_file_modified():230] file/dir modified: /home/aimenext/workspace/dungnt/LongND-FL-Parallel-Computing/wandb/run-20220101_214837-3nkkmpgv/files/output.log
2022-01-01 21:49:43,605 INFO    Thread-8  :30126 [dir_watcher.py:_on_file_modified():230] file/dir modified: /home/aimenext/workspace/dungnt/LongND-FL-Parallel-Computing/wandb/run-20220101_214837-3nkkmpgv/files/output.log
2022-01-01 21:49:45,605 INFO    Thread-8  :30126 [dir_watcher.py:_on_file_modified():230] file/dir modified: /home/aimenext/workspace/dungnt/LongND-FL-Parallel-Computing/wandb/run-20220101_214837-3nkkmpgv/files/output.log
2022-01-01 21:49:47,608 INFO    Thread-8  :30126 [dir_watcher.py:_on_file_modified():230] file/dir modified: /home/aimenext/workspace/dungnt/LongND-FL-Parallel-Computing/wandb/run-20220101_214837-3nkkmpgv/files/output.log
2022-01-01 21:49:49,609 INFO    Thread-8  :30126 [dir_watcher.py:_on_file_modified():230] file/dir modified: /home/aimenext/workspace/dungnt/LongND-FL-Parallel-Computing/wandb/run-20220101_214837-3nkkmpgv/files/output.log
2022-01-01 21:49:51,609 INFO    Thread-8  :30126 [dir_watcher.py:_on_file_modified():230] file/dir modified: /home/aimenext/workspace/dungnt/LongND-FL-Parallel-Computing/wandb/run-20220101_214837-3nkkmpgv/files/output.log
2022-01-01 21:49:53,610 INFO    Thread-8  :30126 [dir_watcher.py:_on_file_modified():230] file/dir modified: /home/aimenext/workspace/dungnt/LongND-FL-Parallel-Computing/wandb/run-20220101_214837-3nkkmpgv/files/output.log
2022-01-01 21:49:55,260 DEBUG   HandlerThread:30126 [handler.py:handle_request():130] handle_request: stop_status
2022-01-01 21:49:55,261 DEBUG   SenderThread:30126 [sender.py:send_request():248] send_request: stop_status
2022-01-01 21:49:55,618 INFO    Thread-8  :30126 [dir_watcher.py:_on_file_modified():230] file/dir modified: /home/aimenext/workspace/dungnt/LongND-FL-Parallel-Computing/wandb/run-20220101_214837-3nkkmpgv/files/output.log
2022-01-01 21:49:57,614 INFO    Thread-8  :30126 [dir_watcher.py:_on_file_modified():230] file/dir modified: /home/aimenext/workspace/dungnt/LongND-FL-Parallel-Computing/wandb/run-20220101_214837-3nkkmpgv/files/output.log
2022-01-01 21:49:59,615 INFO    Thread-8  :30126 [dir_watcher.py:_on_file_modified():230] file/dir modified: /home/aimenext/workspace/dungnt/LongND-FL-Parallel-Computing/wandb/run-20220101_214837-3nkkmpgv/files/output.log
2022-01-01 21:50:01,615 INFO    Thread-8  :30126 [dir_watcher.py:_on_file_modified():230] file/dir modified: /home/aimenext/workspace/dungnt/LongND-FL-Parallel-Computing/wandb/run-20220101_214837-3nkkmpgv/files/output.log
2022-01-01 21:50:03,616 INFO    Thread-8  :30126 [dir_watcher.py:_on_file_modified():230] file/dir modified: /home/aimenext/workspace/dungnt/LongND-FL-Parallel-Computing/wandb/run-20220101_214837-3nkkmpgv/files/output.log
2022-01-01 21:50:05,616 INFO    Thread-8  :30126 [dir_watcher.py:_on_file_modified():230] file/dir modified: /home/aimenext/workspace/dungnt/LongND-FL-Parallel-Computing/wandb/run-20220101_214837-3nkkmpgv/files/output.log
2022-01-01 21:50:07,332 DEBUG   SenderThread:30126 [sender.py:send():234] send: stats
2022-01-01 21:50:07,617 INFO    Thread-8  :30126 [dir_watcher.py:_on_file_modified():230] file/dir modified: /home/aimenext/workspace/dungnt/LongND-FL-Parallel-Computing/wandb/run-20220101_214837-3nkkmpgv/files/output.log
2022-01-01 21:50:09,617 INFO    Thread-8  :30126 [dir_watcher.py:_on_file_modified():230] file/dir modified: /home/aimenext/workspace/dungnt/LongND-FL-Parallel-Computing/wandb/run-20220101_214837-3nkkmpgv/files/output.log
2022-01-01 21:50:10,530 DEBUG   HandlerThread:30126 [handler.py:handle_request():130] handle_request: stop_status
2022-01-01 21:50:10,530 DEBUG   SenderThread:30126 [sender.py:send_request():248] send_request: stop_status
2022-01-01 21:50:11,617 INFO    Thread-8  :30126 [dir_watcher.py:_on_file_modified():230] file/dir modified: /home/aimenext/workspace/dungnt/LongND-FL-Parallel-Computing/wandb/run-20220101_214837-3nkkmpgv/files/output.log
2022-01-01 21:50:13,618 INFO    Thread-8  :30126 [dir_watcher.py:_on_file_modified():230] file/dir modified: /home/aimenext/workspace/dungnt/LongND-FL-Parallel-Computing/wandb/run-20220101_214837-3nkkmpgv/files/output.log
2022-01-01 21:50:15,618 INFO    Thread-8  :30126 [dir_watcher.py:_on_file_modified():230] file/dir modified: /home/aimenext/workspace/dungnt/LongND-FL-Parallel-Computing/wandb/run-20220101_214837-3nkkmpgv/files/output.log
2022-01-01 21:50:17,619 INFO    Thread-8  :30126 [dir_watcher.py:_on_file_modified():230] file/dir modified: /home/aimenext/workspace/dungnt/LongND-FL-Parallel-Computing/wandb/run-20220101_214837-3nkkmpgv/files/output.log
2022-01-01 21:50:19,619 INFO    Thread-8  :30126 [dir_watcher.py:_on_file_modified():230] file/dir modified: /home/aimenext/workspace/dungnt/LongND-FL-Parallel-Computing/wandb/run-20220101_214837-3nkkmpgv/files/output.log
2022-01-01 21:50:21,619 INFO    Thread-8  :30126 [dir_watcher.py:_on_file_modified():230] file/dir modified: /home/aimenext/workspace/dungnt/LongND-FL-Parallel-Computing/wandb/run-20220101_214837-3nkkmpgv/files/output.log
2022-01-01 21:50:23,620 INFO    Thread-8  :30126 [dir_watcher.py:_on_file_modified():230] file/dir modified: /home/aimenext/workspace/dungnt/LongND-FL-Parallel-Computing/wandb/run-20220101_214837-3nkkmpgv/files/output.log
2022-01-01 21:50:24,980 DEBUG   SenderThread:30126 [sender.py:send():234] send: history
2022-01-01 21:50:24,981 DEBUG   SenderThread:30126 [sender.py:send():234] send: summary
2022-01-01 21:50:24,981 INFO    SenderThread:30126 [sender.py:_save_file():939] saving file wandb-summary.json with policy end
2022-01-01 21:50:25,620 INFO    Thread-8  :30126 [dir_watcher.py:_on_file_modified():230] file/dir modified: /home/aimenext/workspace/dungnt/LongND-FL-Parallel-Computing/wandb/run-20220101_214837-3nkkmpgv/files/output.log
2022-01-01 21:50:25,620 INFO    Thread-8  :30126 [dir_watcher.py:_on_file_modified():230] file/dir modified: /home/aimenext/workspace/dungnt/LongND-FL-Parallel-Computing/wandb/run-20220101_214837-3nkkmpgv/files/wandb-summary.json
2022-01-01 21:50:25,802 DEBUG   HandlerThread:30126 [handler.py:handle_request():130] handle_request: stop_status
2022-01-01 21:50:25,802 DEBUG   SenderThread:30126 [sender.py:send_request():248] send_request: stop_status
2022-01-01 21:50:27,621 INFO    Thread-8  :30126 [dir_watcher.py:_on_file_modified():230] file/dir modified: /home/aimenext/workspace/dungnt/LongND-FL-Parallel-Computing/wandb/run-20220101_214837-3nkkmpgv/files/output.log
2022-01-01 21:50:31,622 INFO    Thread-8  :30126 [dir_watcher.py:_on_file_modified():230] file/dir modified: /home/aimenext/workspace/dungnt/LongND-FL-Parallel-Computing/wandb/run-20220101_214837-3nkkmpgv/files/output.log
2022-01-01 21:50:33,622 INFO    Thread-8  :30126 [dir_watcher.py:_on_file_modified():230] file/dir modified: /home/aimenext/workspace/dungnt/LongND-FL-Parallel-Computing/wandb/run-20220101_214837-3nkkmpgv/files/output.log
2022-01-01 21:50:35,623 INFO    Thread-8  :30126 [dir_watcher.py:_on_file_modified():230] file/dir modified: /home/aimenext/workspace/dungnt/LongND-FL-Parallel-Computing/wandb/run-20220101_214837-3nkkmpgv/files/output.log
2022-01-01 21:50:37,514 DEBUG   SenderThread:30126 [sender.py:send():234] send: stats
2022-01-01 21:50:37,623 INFO    Thread-8  :30126 [dir_watcher.py:_on_file_modified():230] file/dir modified: /home/aimenext/workspace/dungnt/LongND-FL-Parallel-Computing/wandb/run-20220101_214837-3nkkmpgv/files/output.log
2022-01-01 21:50:39,624 INFO    Thread-8  :30126 [dir_watcher.py:_on_file_modified():230] file/dir modified: /home/aimenext/workspace/dungnt/LongND-FL-Parallel-Computing/wandb/run-20220101_214837-3nkkmpgv/files/output.log
2022-01-01 21:50:41,110 DEBUG   HandlerThread:30126 [handler.py:handle_request():130] handle_request: stop_status
2022-01-01 21:50:41,110 DEBUG   SenderThread:30126 [sender.py:send_request():248] send_request: stop_status
2022-01-01 21:50:41,624 INFO    Thread-8  :30126 [dir_watcher.py:_on_file_modified():230] file/dir modified: /home/aimenext/workspace/dungnt/LongND-FL-Parallel-Computing/wandb/run-20220101_214837-3nkkmpgv/files/output.log
2022-01-01 21:50:43,624 INFO    Thread-8  :30126 [dir_watcher.py:_on_file_modified():230] file/dir modified: /home/aimenext/workspace/dungnt/LongND-FL-Parallel-Computing/wandb/run-20220101_214837-3nkkmpgv/files/output.log
2022-01-01 21:50:45,117 WARNING MainThread:30126 [internal.py:wandb_internal():146] Internal process interrupt: 1
2022-01-01 21:50:45,625 INFO    Thread-8  :30126 [dir_watcher.py:_on_file_modified():230] file/dir modified: /home/aimenext/workspace/dungnt/LongND-FL-Parallel-Computing/wandb/run-20220101_214837-3nkkmpgv/files/output.log
2022-01-01 21:50:47,625 INFO    Thread-8  :30126 [dir_watcher.py:_on_file_modified():230] file/dir modified: /home/aimenext/workspace/dungnt/LongND-FL-Parallel-Computing/wandb/run-20220101_214837-3nkkmpgv/files/output.log
2022-01-01 21:50:48,087 DEBUG   SenderThread:30126 [sender.py:send():234] send: telemetry
2022-01-01 21:50:48,087 DEBUG   SenderThread:30126 [sender.py:send():234] send: exit
2022-01-01 21:50:48,087 INFO    SenderThread:30126 [sender.py:send_exit():366] handling exit code: 255
2022-01-01 21:50:48,087 INFO    SenderThread:30126 [sender.py:send_exit():368] handling runtime: 129
2022-01-01 21:50:48,088 DEBUG   HandlerThread:30126 [handler.py:handle_request():130] handle_request: poll_exit
2022-01-01 21:50:48,088 INFO    SenderThread:30126 [sender.py:_save_file():939] saving file wandb-summary.json with policy end
2022-01-01 21:50:48,088 INFO    SenderThread:30126 [sender.py:send_exit():374] send defer
2022-01-01 21:50:48,088 DEBUG   SenderThread:30126 [sender.py:send_request():248] send_request: poll_exit
2022-01-01 21:50:48,089 DEBUG   HandlerThread:30126 [handler.py:handle_request():130] handle_request: defer
2022-01-01 21:50:48,089 INFO    HandlerThread:30126 [handler.py:handle_request_defer():147] handle defer: 0
2022-01-01 21:50:48,089 DEBUG   SenderThread:30126 [sender.py:send_request():248] send_request: defer
2022-01-01 21:50:48,089 INFO    SenderThread:30126 [sender.py:send_request_defer():383] handle sender defer: 0
2022-01-01 21:50:48,089 INFO    SenderThread:30126 [sender.py:transition_state():387] send defer: 1
2022-01-01 21:50:48,089 DEBUG   HandlerThread:30126 [handler.py:handle_request():130] handle_request: defer
2022-01-01 21:50:48,089 INFO    HandlerThread:30126 [handler.py:handle_request_defer():147] handle defer: 1
2022-01-01 21:50:48,183 DEBUG   SenderThread:30126 [sender.py:send_request():248] send_request: defer
2022-01-01 21:50:48,183 INFO    SenderThread:30126 [sender.py:send_request_defer():383] handle sender defer: 1
2022-01-01 21:50:48,183 INFO    SenderThread:30126 [sender.py:transition_state():387] send defer: 2
2022-01-01 21:50:48,183 DEBUG   SenderThread:30126 [sender.py:send():234] send: stats
2022-01-01 21:50:48,183 DEBUG   HandlerThread:30126 [handler.py:handle_request():130] handle_request: defer
2022-01-01 21:50:48,183 INFO    HandlerThread:30126 [handler.py:handle_request_defer():147] handle defer: 2
2022-01-01 21:50:48,184 DEBUG   SenderThread:30126 [sender.py:send_request():248] send_request: defer
2022-01-01 21:50:48,184 INFO    SenderThread:30126 [sender.py:send_request_defer():383] handle sender defer: 2
2022-01-01 21:50:48,184 INFO    SenderThread:30126 [sender.py:transition_state():387] send defer: 3
2022-01-01 21:50:48,184 DEBUG   HandlerThread:30126 [handler.py:handle_request():130] handle_request: defer
2022-01-01 21:50:48,184 INFO    HandlerThread:30126 [handler.py:handle_request_defer():147] handle defer: 3
2022-01-01 21:50:48,184 DEBUG   SenderThread:30126 [sender.py:send():234] send: summary
2022-01-01 21:50:48,185 INFO    SenderThread:30126 [sender.py:_save_file():939] saving file wandb-summary.json with policy end
2022-01-01 21:50:48,185 DEBUG   SenderThread:30126 [sender.py:send_request():248] send_request: defer
2022-01-01 21:50:48,185 INFO    SenderThread:30126 [sender.py:send_request_defer():383] handle sender defer: 3
2022-01-01 21:50:48,185 INFO    SenderThread:30126 [sender.py:transition_state():387] send defer: 4
2022-01-01 21:50:48,185 DEBUG   HandlerThread:30126 [handler.py:handle_request():130] handle_request: defer
2022-01-01 21:50:48,185 INFO    HandlerThread:30126 [handler.py:handle_request_defer():147] handle defer: 4
2022-01-01 21:50:48,185 DEBUG   SenderThread:30126 [sender.py:send_request():248] send_request: defer
2022-01-01 21:50:48,186 INFO    SenderThread:30126 [sender.py:send_request_defer():383] handle sender defer: 4
2022-01-01 21:50:48,191 DEBUG   HandlerThread:30126 [handler.py:handle_request():130] handle_request: poll_exit
2022-01-01 21:50:48,465 ERROR   SenderThread:30126 [internal_api.py:execute():144] 409 response executing GraphQL.
2022-01-01 21:50:48,465 ERROR   SenderThread:30126 [internal_api.py:execute():145] {"errors":[{"message":"Error 1062: Duplicate entry '625647-3nkkmpgv' for key 'PRIMARY'","path":["upsertBucket"]}],"data":{"upsertBucket":null}}
2022-01-01 21:50:48,626 INFO    Thread-8  :30126 [dir_watcher.py:_on_file_modified():230] file/dir modified: /home/aimenext/workspace/dungnt/LongND-FL-Parallel-Computing/wandb/run-20220101_214837-3nkkmpgv/files/output.log
2022-01-01 21:50:48,626 INFO    Thread-8  :30126 [dir_watcher.py:_on_file_modified():230] file/dir modified: /home/aimenext/workspace/dungnt/LongND-FL-Parallel-Computing/wandb/run-20220101_214837-3nkkmpgv/files/wandb-summary.json
2022-01-01 21:50:49,184 INFO    WriterThread:30126 [datastore.py:close():281] close: /home/aimenext/workspace/dungnt/LongND-FL-Parallel-Computing/wandb/run-20220101_214837-3nkkmpgv/run-3nkkmpgv.wandb
2022-01-01 21:50:49,192 INFO    HandlerThread:30126 [handler.py:finish():731] shutting down handler
2022-01-01 21:50:49,192 ERROR   MainThread:30126 [internal.py:wandb_internal():158] Thread SenderThread:
Traceback (most recent call last):
  File "/home/aimenext/.local/lib/python3.6/site-packages/wandb/apis/normalize.py", line 24, in wrapper
    return func(*args, **kwargs)
  File "/home/aimenext/.local/lib/python3.6/site-packages/wandb/sdk/internal/internal_api.py", line 1298, in upsert_run
    response = self.gql(mutation, variable_values=variable_values, **kwargs)
  File "/home/aimenext/.local/lib/python3.6/site-packages/wandb/sdk/lib/retry.py", line 102, in __call__
    result = self._call_fn(*args, **kwargs)
  File "/home/aimenext/.local/lib/python3.6/site-packages/wandb/sdk/internal/internal_api.py", line 147, in execute
    six.reraise(*sys.exc_info())
  File "/home/aimenext/.local/lib/python3.6/site-packages/six.py", line 703, in reraise
    raise value
  File "/home/aimenext/.local/lib/python3.6/site-packages/wandb/sdk/internal/internal_api.py", line 141, in execute
    return self.client.execute(*args, **kwargs)
  File "/home/aimenext/.local/lib/python3.6/site-packages/wandb/vendor/gql-0.2.0/gql/client.py", line 52, in execute
    result = self._get_result(document, *args, **kwargs)
  File "/home/aimenext/.local/lib/python3.6/site-packages/wandb/vendor/gql-0.2.0/gql/client.py", line 60, in _get_result
    return self.transport.execute(document, *args, **kwargs)
  File "/home/aimenext/.local/lib/python3.6/site-packages/wandb/vendor/gql-0.2.0/gql/transport/requests.py", line 39, in execute
    request.raise_for_status()
  File "/home/aimenext/.local/lib/python3.6/site-packages/requests/models.py", line 953, in raise_for_status
    raise HTTPError(http_error_msg, response=self)
requests.exceptions.HTTPError: 409 Client Error: Conflict for url: https://api.wandb.ai/graphql

During handling of the above exception, another exception occurred:

Traceback (most recent call last):
  File "/home/aimenext/.local/lib/python3.6/site-packages/wandb/sdk/internal/internal_util.py", line 52, in run
    self._run()
  File "/home/aimenext/.local/lib/python3.6/site-packages/wandb/sdk/internal/internal_util.py", line 102, in _run
    self._process(record)
  File "/home/aimenext/.local/lib/python3.6/site-packages/wandb/sdk/internal/internal.py", line 291, in _process
    self._sm.send(record)
  File "/home/aimenext/.local/lib/python3.6/site-packages/wandb/sdk/internal/sender.py", line 236, in send
    send_handler(record)
  File "/home/aimenext/.local/lib/python3.6/site-packages/wandb/sdk/internal/sender.py", line 250, in send_request
    send_handler(record)
  File "/home/aimenext/.local/lib/python3.6/site-packages/wandb/sdk/internal/sender.py", line 403, in send_request_defer
    self.debounce()
  File "/home/aimenext/.local/lib/python3.6/site-packages/wandb/sdk/internal/sender.py", line 315, in debounce
    self._debounce_config()
  File "/home/aimenext/.local/lib/python3.6/site-packages/wandb/sdk/internal/sender.py", line 322, in _debounce_config
    name=self._run.run_id, config=config_value_dict, **self._api_settings
  File "/home/aimenext/.local/lib/python3.6/site-packages/wandb/apis/normalize.py", line 26, in wrapper
    raise CommError(err.response, err)
wandb.errors.CommError: <Response [409]>
2022-01-01 21:50:51,240 INFO    MainThread:30126 [internal.py:handle_exit():77] Internal process exited
