
log/iid/fedavg
Train :------------------------------
[5, 5, 5, 5, 5, 5, 5, 5, 5, 5]
Client : 0 Number sample : 20 Epoch : 0   Ep loss : 2.2959299087524414
Client : 0 Number sample : 20 Epoch : 1   Ep loss : 1.9064987301826477
Client : 0 Number sample : 20 Epoch : 2   Ep loss : 1.55910325050354
Client : 0 Number sample : 20 Epoch : 3   Ep loss : 1.1855390965938568
Client : 0 Number sample : 20 Epoch : 4   Ep loss : 0.8907347917556763
Client : 1 Number sample : 20 Epoch : 0   Ep loss : 2.2741891145706177
Client : 1 Number sample : 20 Epoch : 1   Ep loss : 1.906109094619751
Client : 1 Number sample : 20 Epoch : 2   Ep loss : 1.5131683945655823
Client : 1 Number sample : 20 Epoch : 3   Ep loss : 1.1786925196647644
Client : 1 Number sample : 20 Epoch : 4   Ep loss : 0.9001646041870117
Client : 4 Number sample : 20 Epoch : 0   Ep loss : 2.3015427589416504
Client : 4 Number sample : 20 Epoch : 1   Ep loss : 1.906248688697815
Client : 4 Number sample : 20 Epoch : 2   Ep loss : 1.5251853466033936
Client : 4 Number sample : 20 Epoch : 3   Ep loss : 1.139661192893982
Client : 4 Number sample : 20 Epoch : 4   Ep loss : 0.8722071349620819
Client : 5 Number sample : 20 Epoch : 0   Ep loss : 2.291886329650879
Client : 5 Number sample : 20 Epoch : 1   Ep loss : 1.9313132166862488
Client : 5 Number sample : 20 Epoch : 2   Ep loss : 1.586213231086731
Client : 5 Number sample : 20 Epoch : 3   Ep loss : 1.2352109253406525
Client : 5 Number sample : 20 Epoch : 4   Ep loss : 0.9370744824409485
Client : 6 Number sample : 20 Epoch : 0   Ep loss : 2.269712209701538
Client : 6 Number sample : 20 Epoch : 1   Ep loss : 1.8564915657043457
Client : 6 Number sample : 20 Epoch : 2   Ep loss : 1.5256268382072449
Client : 6 Number sample : 20 Epoch : 3   Ep loss : 1.3118566274642944
Client : 6 Number sample : 20 Epoch : 4   Ep loss : 1.2706581950187683
Client : 7 Number sample : 20 Epoch : 0   Ep loss : 2.450408101081848
Client : 7 Number sample : 20 Epoch : 1   Ep loss : 2.05167818069458
Client : 2 Number sample : 20 Epoch : 0   Ep loss : 2.2861740589141846
Client : 7 Number sample : 20 Epoch : 2   Ep loss : 1.6771106719970703
Client : 2 Number sample : 20 Epoch : 1   Ep loss : 1.9506465196609497
Client : 7 Number sample : 20 Epoch : 3   Ep loss : 1.3923099040985107
Client : 2 Number sample : 20 Epoch : 2   Ep loss : 1.582163155078888
Client : 7 Number sample : 20 Epoch : 4   Ep loss : 1.2327777743339539
Client : 2 Number sample : 20 Epoch : 3   Ep loss : 1.2762383818626404
Client : 2 Number sample : 20 Epoch : 4   Ep loss : 1.0239856243133545
100%|█████████████████████████████████████████████| 2/2 [00:00<00:00, 37.34it/s]
100%|████████████████████████████████████████████| 2/2 [00:00<00:00, 346.87it/s]
100%|████████████████████████████████████████████| 2/2 [00:00<00:00, 163.21it/s]
100%|████████████████████████████████████████████| 2/2 [00:00<00:00, 133.69it/s]
100%|████████████████████████████████████████████| 2/2 [00:00<00:00, 125.25it/s]
100%|████████████████████████████████████████████| 2/2 [00:00<00:00, 162.27it/s]
100%|████████████████████████████████████████████| 2/2 [00:00<00:00, 135.20it/s]
100%|████████████████████████████████████████████| 2/2 [00:00<00:00, 316.06it/s]
100%|█████████████████████████████████████████████| 2/2 [00:00<00:00, 91.21it/s]
100%|████████████████████████████████████████████| 2/2 [00:00<00:00, 140.57it/s]
100%|█████████████████████████████████████████████| 2/2 [00:00<00:00, 68.81it/s]
100%|████████████████████████████████████████████| 2/2 [00:00<00:00, 172.80it/s]
100%|████████████████████████████████████████████| 2/2 [00:00<00:00, 168.86it/s]
100%|█████████████████████████████████████████████| 2/2 [00:00<00:00, 88.94it/s]
100%|████████████████████████████████████████████| 2/2 [00:00<00:00, 120.86it/s]
100%|████████████████████████████████████████████| 2/2 [00:00<00:00, 117.07it/s]
100%|█████████████████████████████████████████████| 2/2 [00:00<00:00, 90.98it/s]
100%|████████████████████████████████████████████| 2/2 [00:00<00:00, 163.12it/s]
100%|████████████████████████████████████████████| 2/2 [00:00<00:00, 162.01it/s]
100%|█████████████████████████████████████████████| 2/2 [00:00<00:00, 97.81it/s]
100%|████████████████████████████████████████████| 2/2 [00:00<00:00, 115.24it/s]
100%|████████████████████████████████████████████| 2/2 [00:00<00:00, 128.66it/s]
100%|████████████████████████████████████████████| 2/2 [00:00<00:00, 139.90it/s]
100%|████████████████████████████████████████████| 2/2 [00:00<00:00, 142.41it/s]
100%|████████████████████████████████████████████| 2/2 [00:00<00:00, 242.67it/s]
100%|████████████████████████████████████████████| 2/2 [00:00<00:00, 118.42it/s]
100%|████████████████████████████████████████████| 2/2 [00:00<00:00, 139.07it/s]
100%|█████████████████████████████████████████████| 2/2 [00:00<00:00, 54.84it/s]
100%|█████████████████████████████████████████████| 2/2 [00:00<00:00, 97.24it/s]
100%|████████████████████████████████████████████| 2/2 [00:00<00:00, 166.03it/s]
100%|████████████████████████████████████████████| 2/2 [00:00<00:00, 128.15it/s]
100%|████████████████████████████████████████████| 2/2 [00:00<00:00, 157.34it/s]
100%|████████████████████████████████████████████| 2/2 [00:00<00:00, 140.93it/s]
100%|████████████████████████████████████████████| 2/2 [00:00<00:00, 106.21it/s]
100%|████████████████████████████████████████████| 2/2 [00:00<00:00, 128.63it/s]
100%|█████████████████████████████████████████████| 2/2 [00:00<00:00, 76.80it/s]
100%|█████████████████████████████████████████████| 2/2 [00:00<00:00, 74.37it/s]
100%|████████████████████████████████████████████| 2/2 [00:00<00:00, 138.17it/s]
100%|████████████████████████████████████████████| 2/2 [00:00<00:00, 126.37it/s]
100%|████████████████████████████████████████████| 2/2 [00:00<00:00, 116.80it/s]
  0%|                                                     | 0/2 [00:00<?, ?it/s]
Client : 3 Number sample : 20 Epoch : 0   Ep loss : 2.3064239025115967
Client : 8 Number sample : 20 Epoch : 0   Ep loss : 2.3929187059402466
Client : 8 Number sample : 20 Epoch : 1   Ep loss : 2.006870687007904
Client : 3 Number sample : 20 Epoch : 1   Ep loss : 1.94881671667099
Client : 3 Number sample : 20 Epoch : 2   Ep loss : 1.591046154499054
Client : 3 Number sample : 20 Epoch : 3   Ep loss : 1.2283356487751007
Client : 8 Number sample : 20 Epoch : 2   Ep loss : 1.6786887049674988
Client : 8 Number sample : 20 Epoch : 3   Ep loss : 1.3245279788970947
Client : 3 Number sample : 20 Epoch : 4   Ep loss : 0.9978261590003967
Client : 8 Number sample : 20 Epoch : 4   Ep loss : 1.1461213827133179
Client : 9 Number sample : 20 Epoch : 0   Ep loss : 2.345673680305481
Client : 9 Number sample : 20 Epoch : 1   Ep loss : 1.9388984441757202
Client : 9 Number sample : 20 Epoch : 2   Ep loss : 1.5933020114898682
Client : 9 Number sample : 20 Epoch : 3   Ep loss : 1.3356993794441223
Client : 9 Number sample : 20 Epoch : 4   Ep loss : 1.2958133220672607
100%|████████████████████████████████████████████| 2/2 [00:00<00:00, 103.25it/s]
100%|█████████████████████████████████████████████| 2/2 [00:00<00:00, 51.88it/s]
100%|████████████████████████████████████████████| 2/2 [00:00<00:00, 148.35it/s]
100%|████████████████████████████████████████████| 2/2 [00:00<00:00, 123.84it/s]
100%|████████████████████████████████████████████| 2/2 [00:00<00:00, 190.82it/s]
100%|█████████████████████████████████████████████| 2/2 [00:00<00:00, 91.32it/s]
100%|████████████████████████████████████████████| 2/2 [00:00<00:00, 149.93it/s]
100%|████████████████████████████████████████████| 2/2 [00:00<00:00, 143.68it/s]
100%|████████████████████████████████████████████| 2/2 [00:00<00:00, 144.34it/s]
100%|████████████████████████████████████████████| 2/2 [00:00<00:00, 120.46it/s]









































































100%|████████████████████████████████████████▊| 312/313 [02:27<00:00,  1.91it/s]
Train :------------------------------

100%|█████████████████████████████████████████| 313/313 [02:28<00:00,  1.97it/s]
Client : 0 Number sample : 20 Epoch : 0   Ep loss : 2.289605498313904
Client : 1 Number sample : 20 Epoch : 0   Ep loss : 2.289687991142273
Client : 4 Number sample : 20 Epoch : 0   Ep loss : 2.2895405292510986
Client : 4 Number sample : 20 Epoch : 1   Ep loss : 2.2810431718826294
Client : 4 Number sample : 20 Epoch : 2   Ep loss : 2.2726428508758545
Client : 4 Number sample : 20 Epoch : 3   Ep loss : 2.264314889907837
Client : 4 Number sample : 20 Epoch : 4   Ep loss : 2.255859851837158
Client : 4 Number sample : 20 Epoch : 5   Ep loss : 2.2473398447036743
Client : 4 Number sample : 20 Epoch : 6   Ep loss : 2.238976240158081
Client : 4 Number sample : 20 Epoch : 7   Ep loss : 2.230675458908081
Client : 4 Number sample : 20 Epoch : 8   Ep loss : 2.2220953702926636
Client : 4 Number sample : 20 Epoch : 9   Ep loss : 2.213586688041687
Client : 4 Number sample : 20 Epoch : 10   Ep loss : 2.20492684841156
Client : 4 Number sample : 20 Epoch : 11   Ep loss : 2.196467161178589
Client : 4 Number sample : 20 Epoch : 12   Ep loss : 2.1878679990768433
Client : 4 Number sample : 20 Epoch : 13   Ep loss : 2.1793789863586426
Client : 4 Number sample : 20 Epoch : 14   Ep loss : 2.170780301094055
Client : 5 Number sample : 20 Epoch : 0   Ep loss : 2.2899467945098877
Client : 5 Number sample : 20 Epoch : 1   Ep loss : 2.2815247774124146
Client : 5 Number sample : 20 Epoch : 2   Ep loss : 2.273191452026367
Client : 5 Number sample : 20 Epoch : 3   Ep loss : 2.264856457710266
Client : 5 Number sample : 20 Epoch : 4   Ep loss : 2.2563891410827637
Client : 5 Number sample : 20 Epoch : 5   Ep loss : 2.2478199005126953
Client : 5 Number sample : 20 Epoch : 6   Ep loss : 2.239535331726074
Client : 5 Number sample : 20 Epoch : 7   Ep loss : 2.2315218448638916
Client : 5 Number sample : 20 Epoch : 8   Ep loss : 2.2230663299560547
Client : 5 Number sample : 20 Epoch : 9   Ep loss : 2.2147082090377808
Client : 5 Number sample : 20 Epoch : 10   Ep loss : 2.20606529712677
Client : 5 Number sample : 20 Epoch : 11   Ep loss : 2.1977951526641846
Client : 5 Number sample : 20 Epoch : 12   Ep loss : 2.1894787549972534
Client : 5 Number sample : 20 Epoch : 13   Ep loss : 2.1808810234069824
Client : 5 Number sample : 20 Epoch : 14   Ep loss : 2.1727514266967773
Client : 5 Number sample : 20 Epoch : 15   Ep loss : 2.163782835006714
Client : 5 Number sample : 20 Epoch : 16   Ep loss : 2.155297875404358
Client : 5 Number sample : 20 Epoch : 17   Ep loss : 2.146634578704834
Client : 5 Number sample : 20 Epoch : 18   Ep loss : 2.1381436586380005
Client : 5 Number sample : 20 Epoch : 19   Ep loss : 2.12951397895813
Client : 5 Number sample : 20 Epoch : 20   Ep loss : 2.1201645135879517
Client : 5 Number sample : 20 Epoch : 21   Ep loss : 2.111379027366638
Client : 5 Number sample : 20 Epoch : 22   Ep loss : 2.1021333932876587
Client : 5 Number sample : 20 Epoch : 23   Ep loss : 2.0928069353103638
Client : 5 Number sample : 20 Epoch : 24   Ep loss : 2.083287239074707
Client : 5 Number sample : 20 Epoch : 25   Ep loss : 2.0740342140197754
Client : 5 Number sample : 20 Epoch : 26   Ep loss : 2.0635883808135986
Client : 5 Number sample : 20 Epoch : 27   Ep loss : 2.053670287132263
Client : 5 Number sample : 20 Epoch : 28   Ep loss : 2.042495012283325
Client : 5 Number sample : 20 Epoch : 29   Ep loss : 2.0318065881729126
Client : 2 Number sample : 20 Epoch : 0   Ep loss : 2.2898759841918945
Client : 5 Number sample : 20 Epoch : 30   Ep loss : 2.0201841592788696
Client : 3 Number sample : 20 Epoch : 0   Ep loss : 2.2897342443466187
Client : 5 Number sample : 20 Epoch : 31   Ep loss : 2.0083999633789062
Client : 5 Number sample : 20 Epoch : 32   Ep loss : 1.9947009086608887
Client : 5 Number sample : 20 Epoch : 33   Ep loss : 1.9805397391319275
Client : 5 Number sample : 20 Epoch : 34   Ep loss : 1.9643495678901672
Client : 6 Number sample : 20 Epoch : 0   Ep loss : 2.305053234100342
Client : 5 Number sample : 20 Epoch : 35   Ep loss : 1.9490584135055542
Client : 6 Number sample : 20 Epoch : 1   Ep loss : 2.2968887090682983
Client : 5 Number sample : 20 Epoch : 36   Ep loss : 1.9290754199028015
Client : 6 Number sample : 20 Epoch : 2   Ep loss : 2.2884743213653564
Client : 5 Number sample : 20 Epoch : 37   Ep loss : 1.9094630479812622
Client : 6 Number sample : 20 Epoch : 3   Ep loss : 2.2803592681884766
Client : 5 Number sample : 20 Epoch : 38   Ep loss : 1.8845961689949036
Client : 6 Number sample : 20 Epoch : 4   Ep loss : 2.2719919681549072
Client : 5 Number sample : 20 Epoch : 39   Ep loss : 1.859849750995636
Client : 6 Number sample : 20 Epoch : 5   Ep loss : 2.263978123664856
Client : 5 Number sample : 20 Epoch : 40   Ep loss : 1.8259142637252808
Client : 5 Number sample : 20 Epoch : 41   Ep loss : 1.7866735458374023
Client : 6 Number sample : 20 Epoch : 6   Ep loss : 2.2557400465011597
Client : 6 Number sample : 20 Epoch : 7   Ep loss : 2.2476853132247925
Client : 5 Number sample : 20 Epoch : 42   Ep loss : 1.7431895732879639
Client : 6 Number sample : 20 Epoch : 8   Ep loss : 2.239735245704651
Client : 8 Number sample : 20 Epoch : 0   Ep loss : 2.302042007446289
Client : 6 Number sample : 20 Epoch : 9   Ep loss : 2.231759786605835
Client : 8 Number sample : 20 Epoch : 1   Ep loss : 2.2938156127929688
Client : 6 Number sample : 20 Epoch : 10   Ep loss : 2.2236862182617188
Client : 8 Number sample : 20 Epoch : 2   Ep loss : 2.2855000495910645
Client : 6 Number sample : 20 Epoch : 11   Ep loss : 2.215672492980957
Client : 8 Number sample : 20 Epoch : 3   Ep loss : 2.277355670928955
Client : 8 Number sample : 20 Epoch : 4   Ep loss : 2.2691560983657837
Client : 6 Number sample : 20 Epoch : 12   Ep loss : 2.207763195037842
Client : 6 Number sample : 20 Epoch : 13   Ep loss : 2.1999263763427734
Client : 9 Number sample : 20 Epoch : 0   Ep loss : 2.309548258781433
Client : 6 Number sample : 20 Epoch : 14   Ep loss : 2.1920108795166016
Client : 9 Number sample : 20 Epoch : 1   Ep loss : 2.3010897636413574
Client : 9 Number sample : 20 Epoch : 2   Ep loss : 2.2928667068481445
Client : 9 Number sample : 20 Epoch : 3   Ep loss : 2.284427285194397
Client : 9 Number sample : 20 Epoch : 4   Ep loss : 2.276300311088562
Client : 6 Number sample : 20 Epoch : 15   Ep loss : 2.1840877532958984
Client : 9 Number sample : 20 Epoch : 5   Ep loss : 2.2680574655532837
Client : 9 Number sample : 20 Epoch : 6   Ep loss : 2.259924292564392
Client : 9 Number sample : 20 Epoch : 7   Ep loss : 2.2519350051879883
Client : 9 Number sample : 20 Epoch : 8   Ep loss : 2.2437527179718018
Client : 9 Number sample : 20 Epoch : 9   Ep loss : 2.2357887029647827
Client : 9 Number sample : 20 Epoch : 10   Ep loss : 2.227648973464966
Client : 7 Number sample : 20 Epoch : 0   Ep loss : 2.308901309967041
Client : 9 Number sample : 20 Epoch : 11   Ep loss : 2.219804883003235
Client : 7 Number sample : 20 Epoch : 1   Ep loss : 2.3005822896957397
Client : 9 Number sample : 20 Epoch : 12   Ep loss : 2.211817979812622
Client : 9 Number sample : 20 Epoch : 13   Ep loss : 2.2038023471832275
Client : 9 Number sample : 20 Epoch : 14   Ep loss : 2.196038603782654
Client : 7 Number sample : 20 Epoch : 2   Ep loss : 2.292204976081848
Client : 9 Number sample : 20 Epoch : 15   Ep loss : 2.1880611181259155
Client : 7 Number sample : 20 Epoch : 3   Ep loss : 2.2839832305908203
Client : 9 Number sample : 20 Epoch : 16   Ep loss : 2.1802048683166504
Client : 9 Number sample : 20 Epoch : 17   Ep loss : 2.172499179840088
Client : 9 Number sample : 20 Epoch : 18   Ep loss : 2.164717674255371
Client : 7 Number sample : 20 Epoch : 4   Ep loss : 2.275673747062683
Client : 9 Number sample : 20 Epoch : 19   Ep loss : 2.1569130420684814
Client : 9 Number sample : 20 Epoch : 20   Ep loss : 2.149155020713806
Client : 7 Number sample : 20 Epoch : 5   Ep loss : 2.267678737640381
Client : 9 Number sample : 20 Epoch : 21   Ep loss : 2.141376495361328
Client : 9 Number sample : 20 Epoch : 22   Ep loss : 2.133715271949768
Client : 9 Number sample : 20 Epoch : 23   Ep loss : 2.1260818243026733
Client : 7 Number sample : 20 Epoch : 6   Ep loss : 2.259415030479431
Client : 9 Number sample : 20 Epoch : 24   Ep loss : 2.1183128356933594
Client : 9 Number sample : 20 Epoch : 25   Ep loss : 2.1107534170150757
Client : 9 Number sample : 20 Epoch : 26   Ep loss : 2.1031301021575928
Client : 7 Number sample : 20 Epoch : 7   Ep loss : 2.251408100128174
Client : 9 Number sample : 20 Epoch : 27   Ep loss : 2.095433473587036
Client : 9 Number sample : 20 Epoch : 28   Ep loss : 2.087813138961792
Client : 7 Number sample : 20 Epoch : 8   Ep loss : 2.243311047554016
Client : 7 Number sample : 20 Epoch : 9   Ep loss : 2.2352436780929565
Client : 7 Number sample : 20 Epoch : 10   Ep loss : 2.227200984954834
Client : 7 Number sample : 20 Epoch : 11   Ep loss : 2.2192482948303223
Client : 7 Number sample : 20 Epoch : 12   Ep loss : 2.2113404273986816
Client : 7 Number sample : 20 Epoch : 13   Ep loss : 2.2033042907714844
Client : 7 Number sample : 20 Epoch : 14   Ep loss : 2.195248007774353
Client : 7 Number sample : 20 Epoch : 15   Ep loss : 2.1875765323638916
Client : 7 Number sample : 20 Epoch : 16   Ep loss : 2.1796053647994995
Client : 7 Number sample : 20 Epoch : 17   Ep loss : 2.1717000007629395
Client : 7 Number sample : 20 Epoch : 18   Ep loss : 2.163796305656433
Client : 7 Number sample : 20 Epoch : 19   Ep loss : 2.156056523323059
Client : 7 Number sample : 20 Epoch : 20   Ep loss : 2.1482346057891846
Client : 7 Number sample : 20 Epoch : 21   Ep loss : 2.1405471563339233
Client : 7 Number sample : 20 Epoch : 22   Ep loss : 2.132595658302307
Client : 7 Number sample : 20 Epoch : 23   Ep loss : 2.1247893571853638
Client : 7 Number sample : 20 Epoch : 24   Ep loss : 2.117033839225769
Client : 7 Number sample : 20 Epoch : 25   Ep loss : 2.109293222427368
Client : 7 Number sample : 20 Epoch : 26   Ep loss : 2.101401448249817
Client : 7 Number sample : 20 Epoch : 27   Ep loss : 2.093675136566162
Client : 7 Number sample : 20 Epoch : 28   Ep loss : 2.0858054161071777
Client : 7 Number sample : 20 Epoch : 29   Ep loss : 2.07810640335083
Client : 7 Number sample : 20 Epoch : 30   Ep loss : 2.070331335067749
Client : 7 Number sample : 20 Epoch : 31   Ep loss : 2.0622105598449707
Client : 7 Number sample : 20 Epoch : 32   Ep loss : 2.054149031639099
Client : 7 Number sample : 20 Epoch : 33   Ep loss : 2.0462191104888916
Client : 7 Number sample : 20 Epoch : 34   Ep loss : 2.038559675216675
Client : 7 Number sample : 20 Epoch : 35   Ep loss : 2.030438780784607
Client : 7 Number sample : 20 Epoch : 36   Ep loss : 2.0219563245773315
Client : 7 Number sample : 20 Epoch : 37   Ep loss : 2.0137261152267456
Client : 7 Number sample : 20 Epoch : 38   Ep loss : 2.005352735519409
Client : 7 Number sample : 20 Epoch : 39   Ep loss : 1.997015118598938
Client : 7 Number sample : 20 Epoch : 40   Ep loss : 1.9878124594688416
Client : 7 Number sample : 20 Epoch : 41   Ep loss : 1.979074239730835
Client : 7 Number sample : 20 Epoch : 42   Ep loss : 1.970104992389679
Client : 7 Number sample : 20 Epoch : 43   Ep loss : 1.960505187511444
Client : 7 Number sample : 20 Epoch : 44   Ep loss : 1.9507631659507751
Client : 7 Number sample : 20 Epoch : 45   Ep loss : 1.9407912492752075
Client : 7 Number sample : 20 Epoch : 46   Ep loss : 1.9301061630249023
Client : 7 Number sample : 20 Epoch : 47   Ep loss : 1.91893470287323
Client : 7 Number sample : 20 Epoch : 48   Ep loss : 1.9071159362792969
Client : 7 Number sample : 20 Epoch : 49   Ep loss : 1.8946717977523804
Client : 7 Number sample : 20 Epoch : 50   Ep loss : 1.8808411955833435
Client : 7 Number sample : 20 Epoch : 51   Ep loss : 1.8648884892463684
Client : 7 Number sample : 20 Epoch : 52   Ep loss : 1.8488711714744568
Client : 7 Number sample : 20 Epoch : 53   Ep loss : 1.8295493721961975
Client : 7 Number sample : 20 Epoch : 54   Ep loss : 1.8070056438446045
Client : 7 Number sample : 20 Epoch : 55   Ep loss : 1.7833251357078552
Client : 7 Number sample : 20 Epoch : 56   Ep loss : 1.7515926361083984
100%|█████████████████████████████████████████████| 2/2 [00:00<00:00, 48.32it/s]
100%|████████████████████████████████████████████| 2/2 [00:00<00:00, 318.74it/s]
100%|████████████████████████████████████████████| 2/2 [00:00<00:00, 315.78it/s]
100%|████████████████████████████████████████████| 2/2 [00:00<00:00, 114.27it/s]
100%|████████████████████████████████████████████| 2/2 [00:00<00:00, 288.28it/s]
100%|████████████████████████████████████████████| 2/2 [00:00<00:00, 150.80it/s]
100%|████████████████████████████████████████████| 2/2 [00:00<00:00, 195.23it/s]
100%|████████████████████████████████████████████| 2/2 [00:00<00:00, 329.31it/s]
100%|████████████████████████████████████████████| 2/2 [00:00<00:00, 114.62it/s]
100%|████████████████████████████████████████████| 2/2 [00:00<00:00, 312.60it/s]
100%|████████████████████████████████████████████| 2/2 [00:00<00:00, 152.93it/s]
100%|████████████████████████████████████████████| 2/2 [00:00<00:00, 139.01it/s]
100%|████████████████████████████████████████████| 2/2 [00:00<00:00, 232.90it/s]
100%|████████████████████████████████████████████| 2/2 [00:00<00:00, 155.13it/s]
100%|████████████████████████████████████████████| 2/2 [00:00<00:00, 111.15it/s]
100%|████████████████████████████████████████████| 2/2 [00:00<00:00, 327.72it/s]
100%|████████████████████████████████████████████| 2/2 [00:00<00:00, 123.24it/s]
100%|████████████████████████████████████████████| 2/2 [00:00<00:00, 305.46it/s]
100%|████████████████████████████████████████████| 2/2 [00:00<00:00, 202.25it/s]
100%|████████████████████████████████████████████| 2/2 [00:00<00:00, 152.05it/s]
100%|████████████████████████████████████████████| 2/2 [00:00<00:00, 146.50it/s]
100%|████████████████████████████████████████████| 2/2 [00:00<00:00, 106.52it/s]
100%|████████████████████████████████████████████| 2/2 [00:00<00:00, 301.72it/s]
100%|████████████████████████████████████████████| 2/2 [00:00<00:00, 104.39it/s]
100%|████████████████████████████████████████████| 2/2 [00:00<00:00, 304.33it/s]
100%|████████████████████████████████████████████| 2/2 [00:00<00:00, 114.50it/s]
100%|████████████████████████████████████████████| 2/2 [00:00<00:00, 314.09it/s]
100%|████████████████████████████████████████████| 2/2 [00:00<00:00, 119.17it/s]
100%|████████████████████████████████████████████| 2/2 [00:00<00:00, 207.19it/s]
100%|█████████████████████████████████████████████| 2/2 [00:00<00:00, 94.02it/s]
100%|████████████████████████████████████████████| 2/2 [00:00<00:00, 314.86it/s]
100%|████████████████████████████████████████████| 2/2 [00:00<00:00, 113.98it/s]
100%|████████████████████████████████████████████| 2/2 [00:00<00:00, 307.87it/s]
100%|████████████████████████████████████████████| 2/2 [00:00<00:00, 120.37it/s]
100%|████████████████████████████████████████████| 2/2 [00:00<00:00, 304.50it/s]
100%|████████████████████████████████████████████| 2/2 [00:00<00:00, 141.98it/s]
100%|████████████████████████████████████████████| 2/2 [00:00<00:00, 134.77it/s]
100%|████████████████████████████████████████████| 2/2 [00:00<00:00, 115.77it/s]
100%|████████████████████████████████████████████| 2/2 [00:00<00:00, 334.18it/s]
100%|████████████████████████████████████████████| 2/2 [00:00<00:00, 149.17it/s]
100%|████████████████████████████████████████████| 2/2 [00:00<00:00, 221.51it/s]
100%|████████████████████████████████████████████| 2/2 [00:00<00:00, 116.79it/s]
100%|████████████████████████████████████████████| 2/2 [00:00<00:00, 262.18it/s]
100%|████████████████████████████████████████████| 2/2 [00:00<00:00, 164.86it/s]
100%|████████████████████████████████████████████| 2/2 [00:00<00:00, 110.53it/s]
100%|████████████████████████████████████████████| 2/2 [00:00<00:00, 287.94it/s]
100%|████████████████████████████████████████████| 2/2 [00:00<00:00, 135.96it/s]
100%|█████████████████████████████████████████████| 2/2 [00:00<00:00, 54.09it/s]
100%|████████████████████████████████████████████| 2/2 [00:00<00:00, 182.56it/s]
100%|████████████████████████████████████████████| 2/2 [00:00<00:00, 123.89it/s]
100%|█████████████████████████████████████████████| 2/2 [00:00<00:00, 89.97it/s]
100%|████████████████████████████████████████████| 2/2 [00:00<00:00, 127.38it/s]
100%|████████████████████████████████████████████| 2/2 [00:00<00:00, 307.61it/s]
100%|████████████████████████████████████████████| 2/2 [00:00<00:00, 108.09it/s]
100%|████████████████████████████████████████████| 2/2 [00:00<00:00, 108.90it/s]
100%|████████████████████████████████████████████| 2/2 [00:00<00:00, 281.84it/s]
100%|████████████████████████████████████████████| 2/2 [00:00<00:00, 282.16it/s]
100%|████████████████████████████████████████████| 2/2 [00:00<00:00, 106.02it/s]
100%|████████████████████████████████████████████| 2/2 [00:00<00:00, 121.87it/s]
100%|████████████████████████████████████████████| 2/2 [00:00<00:00, 332.85it/s]
100%|████████████████████████████████████████████| 2/2 [00:00<00:00, 333.17it/s]
100%|████████████████████████████████████████████| 2/2 [00:00<00:00, 139.06it/s]
100%|████████████████████████████████████████████| 2/2 [00:00<00:00, 145.31it/s]
100%|████████████████████████████████████████████| 2/2 [00:00<00:00, 280.74it/s]
100%|████████████████████████████████████████████| 2/2 [00:00<00:00, 175.07it/s]
100%|████████████████████████████████████████████| 2/2 [00:00<00:00, 164.77it/s]
100%|████████████████████████████████████████████| 2/2 [00:00<00:00, 132.21it/s]
100%|█████████████████████████████████████████████| 2/2 [00:00<00:00, 90.95it/s]
100%|████████████████████████████████████████████| 2/2 [00:00<00:00, 148.05it/s]
100%|████████████████████████████████████████████| 2/2 [00:00<00:00, 118.03it/s]
100%|████████████████████████████████████████████| 2/2 [00:00<00:00, 168.65it/s]
100%|████████████████████████████████████████████| 2/2 [00:00<00:00, 296.28it/s]
100%|████████████████████████████████████████████| 2/2 [00:00<00:00, 128.85it/s]
100%|████████████████████████████████████████████| 2/2 [00:00<00:00, 157.13it/s]
100%|█████████████████████████████████████████████| 2/2 [00:00<00:00, 80.50it/s]
100%|████████████████████████████████████████████| 2/2 [00:00<00:00, 127.47it/s]
100%|████████████████████████████████████████████| 2/2 [00:00<00:00, 276.99it/s]
100%|████████████████████████████████████████████| 2/2 [00:00<00:00, 235.34it/s]
100%|████████████████████████████████████████████| 2/2 [00:00<00:00, 191.73it/s]
100%|████████████████████████████████████████████| 2/2 [00:00<00:00, 124.63it/s]
100%|████████████████████████████████████████████| 2/2 [00:00<00:00, 265.38it/s]
100%|████████████████████████████████████████████| 2/2 [00:00<00:00, 117.33it/s]
100%|█████████████████████████████████████████████| 2/2 [00:00<00:00, 65.07it/s]
100%|████████████████████████████████████████████| 2/2 [00:00<00:00, 265.23it/s]
100%|████████████████████████████████████████████| 2/2 [00:00<00:00, 332.22it/s]
100%|████████████████████████████████████████████| 2/2 [00:00<00:00, 328.35it/s]
100%|████████████████████████████████████████████| 2/2 [00:00<00:00, 313.21it/s]
100%|█████████████████████████████████████████████| 2/2 [00:00<00:00, 85.19it/s]
100%|████████████████████████████████████████████| 2/2 [00:00<00:00, 319.91it/s]
100%|████████████████████████████████████████████| 2/2 [00:00<00:00, 334.79it/s]
100%|████████████████████████████████████████████| 2/2 [00:00<00:00, 316.72it/s]
100%|████████████████████████████████████████████| 2/2 [00:00<00:00, 300.06it/s]
100%|████████████████████████████████████████████| 2/2 [00:00<00:00, 278.63it/s]
100%|████████████████████████████████████████████| 2/2 [00:00<00:00, 141.59it/s]
100%|████████████████████████████████████████████| 2/2 [00:00<00:00, 320.16it/s]
100%|████████████████████████████████████████████| 2/2 [00:00<00:00, 347.20it/s]
100%|████████████████████████████████████████████| 2/2 [00:00<00:00, 175.12it/s]
100%|████████████████████████████████████████████| 2/2 [00:00<00:00, 276.69it/s]
100%|████████████████████████████████████████████| 2/2 [00:00<00:00, 331.57it/s]
100%|████████████████████████████████████████████| 2/2 [00:00<00:00, 324.91it/s]
100%|████████████████████████████████████████████| 2/2 [00:00<00:00, 149.53it/s]
100%|████████████████████████████████████████████| 2/2 [00:00<00:00, 318.35it/s]
100%|████████████████████████████████████████████| 2/2 [00:00<00:00, 179.87it/s]
100%|████████████████████████████████████████████| 2/2 [00:00<00:00, 288.31it/s]
100%|████████████████████████████████████████████| 2/2 [00:00<00:00, 351.02it/s]
100%|████████████████████████████████████████████| 2/2 [00:00<00:00, 310.69it/s]
100%|████████████████████████████████████████████| 2/2 [00:00<00:00, 121.75it/s]
100%|████████████████████████████████████████████| 2/2 [00:00<00:00, 281.95it/s]
100%|████████████████████████████████████████████| 2/2 [00:00<00:00, 297.33it/s]
100%|████████████████████████████████████████████| 2/2 [00:00<00:00, 171.23it/s]
100%|████████████████████████████████████████████| 2/2 [00:00<00:00, 336.41it/s]
100%|████████████████████████████████████████████| 2/2 [00:00<00:00, 302.63it/s]
100%|████████████████████████████████████████████| 2/2 [00:00<00:00, 320.97it/s]
100%|█████████████████████████████████████████████| 2/2 [00:00<00:00, 95.05it/s]
100%|████████████████████████████████████████████| 2/2 [00:00<00:00, 314.89it/s]
100%|████████████████████████████████████████████| 2/2 [00:00<00:00, 285.70it/s]
100%|████████████████████████████████████████████| 2/2 [00:00<00:00, 156.45it/s]
100%|████████████████████████████████████████████| 2/2 [00:00<00:00, 341.32it/s]
100%|████████████████████████████████████████████| 2/2 [00:00<00:00, 292.76it/s]
100%|████████████████████████████████████████████| 2/2 [00:00<00:00, 349.26it/s]
100%|████████████████████████████████████████████| 2/2 [00:00<00:00, 143.26it/s]
100%|████████████████████████████████████████████| 2/2 [00:00<00:00, 142.21it/s]
100%|████████████████████████████████████████████| 2/2 [00:00<00:00, 292.44it/s]
100%|████████████████████████████████████████████| 2/2 [00:00<00:00, 121.26it/s]
100%|████████████████████████████████████████████| 2/2 [00:00<00:00, 353.93it/s]
100%|████████████████████████████████████████████| 2/2 [00:00<00:00, 146.15it/s]
100%|████████████████████████████████████████████| 2/2 [00:00<00:00, 130.63it/s]
100%|████████████████████████████████████████████| 2/2 [00:00<00:00, 183.96it/s]
100%|█████████████████████████████████████████████| 2/2 [00:00<00:00, 80.24it/s]
100%|█████████████████████████████████████████████| 2/2 [00:00<00:00, 83.55it/s]
100%|████████████████████████████████████████████| 2/2 [00:00<00:00, 275.83it/s]
100%|████████████████████████████████████████████| 2/2 [00:00<00:00, 152.43it/s]
100%|████████████████████████████████████████████| 2/2 [00:00<00:00, 196.95it/s]
100%|████████████████████████████████████████████| 2/2 [00:00<00:00, 107.87it/s]
100%|████████████████████████████████████████████| 2/2 [00:00<00:00, 289.38it/s]
100%|████████████████████████████████████████████| 2/2 [00:00<00:00, 148.41it/s]
100%|████████████████████████████████████████████| 2/2 [00:00<00:00, 128.57it/s]
100%|████████████████████████████████████████████| 2/2 [00:00<00:00, 184.21it/s]
100%|████████████████████████████████████████████| 2/2 [00:00<00:00, 101.73it/s]
100%|████████████████████████████████████████████| 2/2 [00:00<00:00, 279.96it/s]
100%|████████████████████████████████████████████| 2/2 [00:00<00:00, 116.75it/s]
100%|████████████████████████████████████████████| 2/2 [00:00<00:00, 187.94it/s]
100%|████████████████████████████████████████████| 2/2 [00:00<00:00, 183.51it/s]
100%|████████████████████████████████████████████| 2/2 [00:00<00:00, 100.03it/s]
100%|████████████████████████████████████████████| 2/2 [00:00<00:00, 297.74it/s]
100%|████████████████████████████████████████████| 2/2 [00:00<00:00, 166.47it/s]
100%|████████████████████████████████████████████| 2/2 [00:00<00:00, 191.40it/s]
100%|█████████████████████████████████████████████| 2/2 [00:00<00:00, 49.33it/s]
100%|████████████████████████████████████████████| 2/2 [00:00<00:00, 319.12it/s]
100%|████████████████████████████████████████████| 2/2 [00:00<00:00, 154.49it/s]
100%|████████████████████████████████████████████| 2/2 [00:00<00:00, 261.47it/s]
100%|████████████████████████████████████████████| 2/2 [00:00<00:00, 271.19it/s]
100%|████████████████████████████████████████████| 2/2 [00:00<00:00, 286.06it/s]
100%|████████████████████████████████████████████| 2/2 [00:00<00:00, 319.30it/s]
100%|████████████████████████████████████████████| 2/2 [00:00<00:00, 233.34it/s]
100%|████████████████████████████████████████████| 2/2 [00:00<00:00, 274.02it/s]
100%|████████████████████████████████████████████| 2/2 [00:00<00:00, 249.57it/s]
100%|████████████████████████████████████████████| 2/2 [00:00<00:00, 286.00it/s]
100%|████████████████████████████████████████████| 2/2 [00:00<00:00, 273.41it/s]
100%|████████████████████████████████████████████| 2/2 [00:00<00:00, 324.44it/s]
100%|████████████████████████████████████████████| 2/2 [00:00<00:00, 143.55it/s]
100%|████████████████████████████████████████████| 2/2 [00:00<00:00, 128.57it/s]
100%|████████████████████████████████████████████| 2/2 [00:00<00:00, 266.62it/s]
100%|████████████████████████████████████████████| 2/2 [00:00<00:00, 124.21it/s]
100%|████████████████████████████████████████████| 2/2 [00:00<00:00, 109.62it/s]
100%|████████████████████████████████████████████| 2/2 [00:00<00:00, 330.74it/s]
100%|████████████████████████████████████████████| 2/2 [00:00<00:00, 231.22it/s]
100%|████████████████████████████████████████████| 2/2 [00:00<00:00, 129.61it/s]
100%|████████████████████████████████████████████| 2/2 [00:00<00:00, 253.97it/s]
100%|████████████████████████████████████████████| 2/2 [00:00<00:00, 143.18it/s]
100%|████████████████████████████████████████████| 2/2 [00:00<00:00, 327.14it/s]
100%|████████████████████████████████████████████| 2/2 [00:00<00:00, 321.35it/s]
100%|████████████████████████████████████████████| 2/2 [00:00<00:00, 199.16it/s]
100%|████████████████████████████████████████████| 2/2 [00:00<00:00, 342.62it/s]
100%|████████████████████████████████████████████| 2/2 [00:00<00:00, 318.62it/s]
100%|████████████████████████████████████████████| 2/2 [00:00<00:00, 250.04it/s]
100%|████████████████████████████████████████████| 2/2 [00:00<00:00, 276.41it/s]
100%|████████████████████████████████████████████| 2/2 [00:00<00:00, 107.77it/s]
100%|████████████████████████████████████████████| 2/2 [00:00<00:00, 266.09it/s]
100%|████████████████████████████████████████████| 2/2 [00:00<00:00, 277.01it/s]
100%|████████████████████████████████████████████| 2/2 [00:00<00:00, 306.94it/s]
100%|████████████████████████████████████████████| 2/2 [00:00<00:00, 254.12it/s]
100%|████████████████████████████████████████████| 2/2 [00:00<00:00, 290.35it/s]
100%|████████████████████████████████████████████| 2/2 [00:00<00:00, 260.05it/s]
100%|████████████████████████████████████████████| 2/2 [00:00<00:00, 306.99it/s]
100%|████████████████████████████████████████████| 2/2 [00:00<00:00, 306.08it/s]
100%|████████████████████████████████████████████| 2/2 [00:00<00:00, 246.07it/s]
Client : 7 Number sample : 20 Epoch : 57   Ep loss : 1.7159977555274963
Client : 7 Number sample : 20 Epoch : 58   Ep loss : 1.670081615447998
Client : 7 Number sample : 20 Epoch : 59   Ep loss : 1.619760513305664
Client : 7 Number sample : 20 Epoch : 60   Ep loss : 1.5493066310882568
Client : 7 Number sample : 20 Epoch : 61   Ep loss : 1.4602586030960083
Client : 7 Number sample : 20 Epoch : 62   Ep loss : 1.3618504405021667
Client : 7 Number sample : 20 Epoch : 63   Ep loss : 1.2513058185577393
Client : 7 Number sample : 20 Epoch : 64   Ep loss : 1.150317370891571
Client : 7 Number sample : 20 Epoch : 65   Ep loss : 1.0722541809082031
Client : 7 Number sample : 20 Epoch : 66   Ep loss : 1.021764874458313
Client : 7 Number sample : 20 Epoch : 67   Ep loss : 1.0007047057151794
Client : 7 Number sample : 20 Epoch : 68   Ep loss : 0.9902288615703583
Client : 7 Number sample : 20 Epoch : 69   Ep loss : 0.9921082854270935
Client : 7 Number sample : 20 Epoch : 70   Ep loss : 0.9899141788482666
Client : 7 Number sample : 20 Epoch : 71   Ep loss : 0.9918791353702545
Client : 7 Number sample : 20 Epoch : 72   Ep loss : 0.9911059141159058
Client : 7 Number sample : 20 Epoch : 73   Ep loss : 0.9770294725894928
Client : 7 Number sample : 20 Epoch : 74   Ep loss : 0.9777591228485107
Test :-------------------------------





































































100%|█████████████████████████████████████████| 313/313 [02:19<00:00,  2.71it/s]
Train :------------------------------
[28, 1, 1, 1, 1, 55, 1, 56, 18, 4]
multiprocessing.pool.RemoteTraceback:
"""
Traceback (most recent call last):
  File "/usr/lib/python3.6/multiprocessing/pool.py", line 119, in worker
    result = (True, func(*args, **kwds))
  File "/usr/lib/python3.6/multiprocessing/pool.py", line 44, in mapstar
    return list(map(*args))
  File "/home/aimenext/workspace/dungnt/LongND-FL-Parallel-Computing/utils/trainer.py", line 16, in train
    model = model.to(device)
  File "/home/aimenext/.local/lib/python3.6/site-packages/torch/nn/modules/module.py", line 899, in to
    return self._apply(convert)
  File "/home/aimenext/.local/lib/python3.6/site-packages/torch/nn/modules/module.py", line 570, in _apply
    module._apply(fn)
  File "/home/aimenext/.local/lib/python3.6/site-packages/torch/nn/modules/module.py", line 593, in _apply
    param_applied = fn(param)
  File "/home/aimenext/.local/lib/python3.6/site-packages/torch/nn/modules/module.py", line 897, in convert
    return t.to(device, dtype if t.is_floating_point() or t.is_complex() else None, non_blocking)
RuntimeError: CUDA error: out of memory
CUDA kernel errors might be asynchronously reported at some other API call,so the stacktrace below might be incorrect.
For debugging consider passing CUDA_LAUNCH_BLOCKING=1.
"""
The above exception was the direct cause of the following exception:
Traceback (most recent call last):
  File "train_SGD.py", line 231, in <module>
    main(args)
  File "train_SGD.py", line 162, in main
    for i in range(len(train_clients))
  File "/usr/lib/python3.6/multiprocessing/pool.py", line 266, in map
    return self._map_async(func, iterable, mapstar, chunksize).get()
  File "/usr/lib/python3.6/multiprocessing/pool.py", line 644, in get
    raise self._value
RuntimeError: CUDA error: out of memory
CUDA kernel errors might be asynchronously reported at some other API call,so the stacktrace below might be incorrect.
For debugging consider passing CUDA_LAUNCH_BLOCKING=1.
multiprocessing.pool.RemoteTraceback:
"""
Traceback (most recent call last):
  File "/usr/lib/python3.6/multiprocessing/pool.py", line 119, in worker
    result = (True, func(*args, **kwds))
  File "/usr/lib/python3.6/multiprocessing/pool.py", line 44, in mapstar
    return list(map(*args))
  File "/home/aimenext/workspace/dungnt/LongND-FL-Parallel-Computing/utils/trainer.py", line 16, in train
    model = model.to(device)
  File "/home/aimenext/.local/lib/python3.6/site-packages/torch/nn/modules/module.py", line 899, in to
    return self._apply(convert)
  File "/home/aimenext/.local/lib/python3.6/site-packages/torch/nn/modules/module.py", line 570, in _apply
    module._apply(fn)
  File "/home/aimenext/.local/lib/python3.6/site-packages/torch/nn/modules/module.py", line 593, in _apply
    param_applied = fn(param)
  File "/home/aimenext/.local/lib/python3.6/site-packages/torch/nn/modules/module.py", line 897, in convert
    return t.to(device, dtype if t.is_floating_point() or t.is_complex() else None, non_blocking)
RuntimeError: CUDA error: out of memory
CUDA kernel errors might be asynchronously reported at some other API call,so the stacktrace below might be incorrect.
For debugging consider passing CUDA_LAUNCH_BLOCKING=1.
"""
The above exception was the direct cause of the following exception:
Traceback (most recent call last):
  File "train_SGD.py", line 231, in <module>
    main(args)
  File "train_SGD.py", line 162, in main
    for i in range(len(train_clients))
  File "/usr/lib/python3.6/multiprocessing/pool.py", line 266, in map
    return self._map_async(func, iterable, mapstar, chunksize).get()
  File "/usr/lib/python3.6/multiprocessing/pool.py", line 644, in get
    raise self._value
RuntimeError: CUDA error: out of memory
CUDA kernel errors might be asynchronously reported at some other API call,so the stacktrace below might be incorrect.
For debugging consider passing CUDA_LAUNCH_BLOCKING=1.